<?xml version="1.0" encoding="UTF-8"?>
<!-- Generated by org.testng.reporters.JUnitReportReporter -->
<testsuite hostname="Client-PC" name="tasks.CreateCustomer" tests="1" failures="0" timestamp="30 Nov 2013 18:24:52 GMT" time="5.774" errors="0">
  <testcase name="testcreateCustomer" time="5.774" classname="tasks.CreateCustomer"/>
</testsuite> <!-- tasks.CreateCustomer -->
