<?xml version="1.0" encoding="UTF-8"?>
<!-- Generated by org.testng.reporters.JUnitReportReporter -->
<testsuite hostname="Client-PC" name="tasks.DeleteCustomer" tests="1" failures="0" timestamp="30 Nov 2013 18:25:21 GMT" time="5.961" errors="0">
  <testcase name="testdeleteCustomer" time="5.961" classname="tasks.DeleteCustomer"/>
</testsuite> <!-- tasks.DeleteCustomer -->
