<?xml version="1.0" encoding="UTF-8"?>
<!-- Generated by org.testng.reporters.JUnitReportReporter -->
<testsuite hostname="Client-PC" name="settings.CreateBilling" tests="1" failures="0" timestamp="30 Nov 2013 17:40:51 GMT" time="3.527" errors="0">
  <testcase name="testcreatebilling" time="3.527" classname="settings.CreateBilling"/>
</testsuite> <!-- settings.CreateBilling -->
