<?xml version="1.0" encoding="UTF-8"?>
<!-- Generated by org.testng.reporters.JUnitReportReporter -->
<testsuite hostname="Client-PC" name="settings.DeleteBilling" tests="1" failures="0" timestamp="30 Nov 2013 08:02:23 GMT" time="0.000" errors="0">
  <testcase name="testdeletebilling" time="0.000" classname="settings.DeleteBilling"/>
</testsuite> <!-- settings.DeleteBilling -->
